{
  "RSpec": {
    "coverage": {
      "/Users/dotan.nahum/projects/vitals/lib/vitals.rb": [
        1,
        1,
        1,
        1,
        1,
        1,
        null,
        null,
        null,
        1,
        1,
        null,
        1,
        1,
        1,
        1,
        1,
        null,
        1,
        1,
        null,
        null,
        1,
        1,
        8,
        8,
        8,
        8,
        null,
        null,
        1,
        0,
        null,
        null,
        1,
        22,
        null,
        null,
        null,
        null,
        null,
        null,
        null,
        null,
        1,
        1,
        null,
        null,
        1,
        10,
        null,
        null,
        1,
        1,
        null,
        null
      ],
      "/Users/dotan.nahum/projects/vitals/lib/vitals/configuration.rb": [
        1,
        1,
        1,
        1,
        1,
        1,
        1,
        null,
        1,
        10,
        10,
        10,
        10,
        10,
        null,
        null,
        1,
        8,
        null,
        null,
        null,
        null,
        null,
        null,
        1,
        null,
        1,
        10,
        null,
        null,
        1,
        10,
        null,
        null,
        null
      ],
      "/Users/dotan.nahum/projects/vitals/lib/vitals/utils.rb": [
        1,
        1,
        1,
        1,
        1,
        250,
        null,
        1,
        11,
        null,
        1,
        8,
        null,
        null,
        null
      ],
      "/Users/dotan.nahum/projects/vitals/lib/vitals/reporters/base_reporter.rb": [
        1,
        1,
        1,
        1,
        1,
        1,
        null,
        null,
        null
      ],
      "/Users/dotan.nahum/projects/vitals/lib/vitals/reporters/inmem_reporter.rb": [
        1,
        1,
        1,
        1,
        null,
        1,
        16,
        null,
        null,
        1,
        23,
        null,
        null,
        1,
        0,
        null,
        null,
        1,
        0,
        null,
        null,
        1,
        9,
        null,
        null,
        1,
        1,
        9,
        null,
        null,
        null
      ],
      "/Users/dotan.nahum/projects/vitals/lib/vitals/reporters/console_reporter.rb": [
        1,
        1,
        1,
        null,
        1,
        10,
        10,
        null,
        null,
        1,
        3,
        null,
        null,
        1,
        3,
        null,
        null,
        1,
        3,
        null,
        null,
        null,
        null
      ],
      "/Users/dotan.nahum/projects/vitals/lib/vitals/reporters/multi_reporter.rb": [
        1,
        1,
        1,
        null,
        1,
        3,
        3,
        null,
        null,
        1,
        3,
        null,
        null,
        1,
        3,
        null,
        null,
        1,
        3,
        null,
        null,
        null,
        null,
        null
      ],
      "/Users/dotan.nahum/projects/vitals/lib/vitals/reporters/statsd_reporter.rb": [
        1,
        null,
        1,
        1,
        1,
        1,
        null,
        1,
        3,
        3,
        null,
        null,
        1,
        1,
        null,
        null,
        1,
        1,
        null,
        null,
        1,
        1,
        null,
        null,
        null,
        null,
        null
      ],
      "/Users/dotan.nahum/projects/vitals/lib/vitals/formats/production_format.rb": [
        1,
        1,
        1,
        1,
        1,
        null,
        1,
        39,
        39,
        39,
        120,
        null,
        null,
        null,
        null,
        1,
        32,
        16,
        null,
        null,
        null
      ],
      "/Users/dotan.nahum/projects/vitals/lib/vitals/formats/host_last_format.rb": [
        1,
        1,
        1,
        1,
        1,
        null,
        1,
        33,
        33,
        33,
        33,
        75,
        null,
        96,
        null,
        null,
        null,
        1,
        32,
        null,
        null,
        64,
        null,
        null,
        null,
        null
      ],
      "/Users/dotan.nahum/projects/vitals/spec/vitals/configuration_spec.rb": [
        1,
        null,
        1,
        1,
        2,
        null,
        null,
        1,
        2,
        null,
        null,
        1,
        1,
        1,
        null,
        0,
        0,
        0,
        null,
        null,
        1,
        1,
        1,
        null,
        null
      ],
      "/Users/dotan.nahum/projects/vitals/spec/vitals/formats/host_last_format_spec.rb": [
        1,
        null,
        1,
        null,
        null,
        null,
        null,
        null,
        null,
        null,
        null,
        null,
        null,
        null,
        null,
        null,
        null,
        null,
        null,
        null,
        null,
        null,
        null,
        null,
        null,
        null,
        null,
        null,
        null,
        null,
        null,
        null,
        null,
        null,
        null,
        null,
        null,
        null,
        null,
        null,
        null,
        null,
        null,
        null,
        null,
        null,
        null,
        null
      ],
      "/Users/dotan.nahum/projects/vitals/spec/vitals/formats/production_format_spec.rb": [
        1,
        null,
        1,
        null,
        null,
        null,
        null,
        null,
        null,
        null,
        null,
        null,
        null,
        null,
        null,
        null,
        null,
        null,
        null,
        null,
        null,
        null,
        null,
        null,
        null,
        null,
        null,
        null,
        null,
        null,
        null,
        null,
        null,
        null,
        null,
        null,
        null,
        null,
        null,
        null,
        null,
        null,
        null,
        null,
        null,
        null
      ],
      "/Users/dotan.nahum/projects/vitals/spec/vitals/integrations/notifications/action_controller_spec.rb": [
        1,
        1,
        null,
        1,
        2,
        null,
        1,
        1,
        1,
        1,
        null,
        1,
        null,
        null,
        1,
        1,
        null,
        null,
        1,
        null,
        null,
        null,
        null,
        null,
        null,
        null,
        null,
        1,
        1,
        null,
        null,
        1,
        1,
        1,
        1,
        null,
        1,
        1,
        1,
        null,
        1,
        1,
        1,
        null,
        null,
        null
      ],
      "/Users/dotan.nahum/projects/vitals/lib/vitals/integrations/notifications/action_controller.rb": [
        1,
        null,
        1,
        1,
        1,
        1,
        null,
        null,
        1,
        null,
        1,
        1,
        1,
        1,
        1,
        null,
        null,
        1,
        1,
        1,
        1,
        null,
        null,
        null,
        null,
        null
      ],
      "/Users/dotan.nahum/projects/vitals/lib/vitals/integrations/notifications/base.rb": [
        1,
        null,
        1,
        1,
        1,
        4,
        null,
        4,
        null,
        null,
        1,
        0,
        null,
        null,
        1,
        5,
        null,
        null,
        null,
        null
      ],
      "/Users/dotan.nahum/projects/vitals/spec/vitals/integrations/notifications/active_job_spec.rb": [
        1,
        1,
        null,
        1,
        2,
        1,
        1,
        1,
        1,
        null,
        1,
        null,
        1,
        1,
        null,
        null,
        1,
        1,
        1,
        1,
        null,
        null,
        null,
        1,
        1,
        1,
        null,
        null,
        null,
        null,
        null,
        null,
        1,
        1,
        null,
        null,
        1,
        1,
        1,
        1,
        1,
        null,
        null,
        null,
        null,
        1,
        1,
        null,
        null,
        1,
        1,
        1,
        1,
        null,
        null,
        null
      ],
      "/Users/dotan.nahum/projects/vitals/lib/vitals/integrations/notifications/active_job.rb": [
        1,
        null,
        1,
        null,
        1,
        1,
        1,
        null,
        null,
        1,
        1,
        2,
        2,
        null,
        2,
        null,
        null,
        null
      ],
      "/Users/dotan.nahum/projects/vitals/spec/vitals/integrations/notifications/grape_spec.rb": [
        1,
        1,
        1,
        null,
        null,
        null,
        null,
        null,
        null,
        1,
        1,
        1,
        1,
        1,
        null,
        1,
        1,
        1,
        1,
        null,
        null,
        null,
        null,
        1,
        1,
        1,
        1,
        1,
        1,
        null,
        null,
        null,
        null,
        null,
        null,
        1,
        3,
        1,
        2,
        2,
        2,
        null,
        2,
        null,
        null,
        1,
        2,
        null,
        null,
        1,
        1,
        1,
        1,
        null,
        null,
        1,
        1,
        1,
        null,
        1,
        1,
        1,
        1,
        null,
        null,
        null,
        1,
        1,
        1,
        1,
        null,
        null,
        1,
        1,
        1,
        1,
        1,
        1,
        1,
        null,
        null,
        null
      ],
      "/Users/dotan.nahum/projects/vitals/lib/vitals/integrations/notifications/grape.rb": [
        1,
        null,
        1,
        1,
        1,
        2,
        null,
        null,
        1,
        null,
        1,
        2,
        2,
        2,
        2,
        null,
        2,
        2,
        2,
        2,
        null,
        null,
        2,
        2,
        null,
        null,
        null,
        null,
        null,
        null
      ],
      "/Users/dotan.nahum/projects/vitals/spec/vitals/integrations/rack/requests_spec.rb": [
        1,
        1,
        1,
        null,
        null,
        null,
        null,
        null,
        null,
        1,
        1,
        null,
        1,
        1,
        1,
        null,
        null,
        1,
        1,
        1,
        null,
        null,
        null,
        null,
        1,
        3,
        1,
        2,
        2,
        2,
        null,
        null,
        null,
        1,
        1,
        1,
        2,
        null,
        null,
        1,
        1,
        1,
        null,
        1,
        1,
        1,
        1,
        null,
        null,
        1,
        1,
        1,
        null,
        1,
        1,
        1,
        1,
        null,
        null,
        null,
        null
      ],
      "/Users/dotan.nahum/projects/vitals/lib/vitals/integrations/rack/requests.rb": [
        null,
        1,
        1,
        1,
        1,
        null,
        1,
        1,
        null,
        null,
        1,
        2,
        2,
        null,
        null,
        2,
        2,
        null,
        2,
        null,
        null,
        null,
        null
      ],
      "/Users/dotan.nahum/projects/vitals/spec/vitals/reporters/base_reporter_spec.rb": [
        1,
        null,
        1,
        1,
        1,
        null,
        null,
        1,
        1,
        1,
        1,
        null,
        1,
        1,
        null,
        null,
        null,
        null,
        null
      ],
      "/Users/dotan.nahum/projects/vitals/spec/vitals/reporters/console_reporter_spec.rb": [
        1,
        null,
        1,
        4,
        null,
        1,
        2,
        1,
        null,
        null,
        1,
        2,
        1,
        null,
        null,
        1,
        2,
        1,
        null,
        null
      ],
      "/Users/dotan.nahum/projects/vitals/spec/vitals/reporters/multi_reporter_spec.rb": [
        1,
        null,
        1,
        1,
        3,
        3,
        null,
        3,
        null,
        null,
        null,
        null,
        null,
        1,
        2,
        1,
        null,
        null,
        1,
        2,
        1,
        null,
        null,
        1,
        2,
        1,
        null,
        null,
        null
      ],
      "/Users/dotan.nahum/projects/vitals/spec/vitals/reporters/statsd_reporter_spec.rb": [
        1,
        null,
        1,
        4,
        null,
        1,
        1,
        null,
        null,
        1,
        1,
        1,
        null,
        null,
        1,
        1,
        1,
        null,
        null,
        1,
        1,
        1,
        null,
        null,
        null
      ],
      "/Users/dotan.nahum/projects/vitals/spec/vitals/utils_spec.rb": [
        1,
        null,
        1,
        1,
        null,
        1,
        null,
        1,
        null,
        null
      ],
      "/Users/dotan.nahum/projects/vitals/spec/vitals_spec.rb": [
        1,
        null,
        null,
        null,
        null,
        null,
        null,
        null,
        null,
        null,
        null,
        null,
        null,
        null,
        null,
        null,
        null,
        null,
        null,
        null,
        null,
        null,
        null,
        null,
        null,
        null,
        null,
        null,
        null,
        1,
        1,
        1,
        1,
        1,
        null,
        1,
        1,
        null,
        1,
        1,
        null,
        null,
        null,
        null,
        null,
        null,
        null,
        1,
        2,
        1,
        1,
        1,
        0,
        0,
        0,
        null,
        null,
        null,
        1,
        1,
        1,
        0,
        0,
        null,
        null,
        1,
        null,
        1,
        1,
        1,
        1,
        1,
        1,
        null,
        null,
        null,
        null,
        null,
        null,
        null,
        null,
        null,
        null,
        null,
        null,
        null,
        null,
        null,
        null,
        null,
        null,
        null,
        1,
        1,
        1,
        1,
        1,
        null,
        null,
        null,
        null,
        null,
        null,
        null,
        null,
        null,
        null,
        null,
        null,
        null,
        null,
        null,
        null,
        null,
        null,
        null,
        null,
        null,
        null,
        null,
        null,
        null,
        null,
        null,
        null,
        null,
        null,
        null,
        null,
        null,
        null,
        null,
        null,
        null,
        null,
        null,
        null,
        null,
        null,
        null,
        null,
        null,
        null,
        null,
        null,
        null,
        null,
        null,
        null,
        null,
        null,
        null,
        null,
        null,
        null,
        null,
        null,
        null,
        null,
        null,
        null,
        null,
        null,
        null,
        null,
        null,
        null,
        null,
        null,
        null,
        null,
        null,
        null,
        null,
        null,
        null,
        null,
        null,
        null,
        null,
        null,
        null,
        null,
        null,
        null,
        null,
        null,
        null,
        null,
        null,
        null,
        null,
        null,
        null,
        null,
        null,
        null,
        null,
        null,
        null,
        null,
        null,
        null,
        null,
        null,
        null,
        null,
        null,
        null,
        null,
        null,
        null,
        null,
        null,
        null,
        null,
        null,
        null,
        null
      ]
    },
    "timestamp": 1458650154
  }
}
